==3616== Memcheck, a memory error detector
==3616== Copyright (C) 2002-2015, and GNU GPL'd, by Julian Seward et al.
==3616== Using Valgrind-3.11.0 and LibVEX; rerun with -h for copyright info
==3616== Command: ./driver test_stress
==3616== 
==3616== Thread 2:
==3616== Conditional jump or move depends on uninitialised value(s)
==3616==    at 0x401EF1: router (stress.c:169)
==3616==    by 0x4E416B9: start_thread (pthread_create.c:333)
==3616== 
==3616== Conditional jump or move depends on uninitialised value(s)
==3616==    at 0x401EF6: router (stress.c:169)
==3616==    by 0x4E416B9: start_thread (pthread_create.c:333)
==3616== 
==3616== 
==3616== Process terminating with default action of signal 6 (SIGABRT)
==3616==    at 0x508C428: raise (raise.c:54)
==3616==    by 0x508E029: abort (abort.c:89)
==3616==    by 0x5084BD6: __assert_fail_base (assert.c:92)
==3616==    by 0x5084C81: __assert_fail (assert.c:101)
==3616==    by 0x402212: router (stress.c:169)
==3616==    by 0x4E416B9: start_thread (pthread_create.c:333)
==3616== 
==3616== Process terminating with default action of signal 6 (SIGABRT)
==3616==    at 0x508C428: raise (raise.c:54)
==3616==    by 0x508E029: abort (abort.c:89)
==3616==    by 0x5084BD6: __assert_fail_base (assert.c:92)
==3616==    by 0x5084C81: __assert_fail (assert.c:101)
==3616==    by 0x402212: router (stress.c:169)
==3616==    by 0x4E416B9: start_thread (pthread_create.c:333)
==3616== 
==3616== HEAP SUMMARY:
==3616==     in use at exit: 6,602 bytes in 64 blocks
==3616==   total heap usage: 73 allocs, 9 frees, 12,844 bytes allocated
==3616== 
==3616== LEAK SUMMARY:
==3616==    definitely lost: 0 bytes in 0 blocks
==3616==    indirectly lost: 0 bytes in 0 blocks
==3616==      possibly lost: 1,632 bytes in 6 blocks
==3616==    still reachable: 4,970 bytes in 58 blocks
==3616==         suppressed: 0 bytes in 0 blocks
==3616== Rerun with --leak-check=full to see details of leaked memory
==3616== 
==3616== For counts of detected and suppressed errors, rerun with: -v
==3616== Use --track-origins=yes to see where uninitialised values come from
==3616== ERROR SUMMARY: 8 errors from 2 contexts (suppressed: 0 from 0)
